# JRE version: Java(TM) SE Runtime Environment (8.0_51-b16) (build 1.8.0_51-b16)
# Java VM: Java HotSpot(TM) 64-Bit Server VM (25.51-b03 mixed mode bsd-amd64 compressed oops)
Heap:
 PSYoungGen      total 673792K, used 268936K [0x0000000795580000, 0x00000007c0000000, 0x00000007c0000000)
  eden space 650240K, 38% used [0x0000000795580000,0x00000007a4baaf38,0x00000007bd080000)
  from space 23552K, 71% used [0x00000007be800000,0x00000007bf8771c8,0x00000007bff00000)
  to   space 24064K, 0% used [0x00000007bd080000,0x00000007bd080000,0x00000007be800000)
 ParOldGen       total 102400K, used 40859K [0x0000000740000000, 0x0000000746400000, 0x0000000795580000)
  object space 102400K, 39% used [0x0000000740000000,0x00000007427e6f20,0x0000000746400000)
 Metaspace       used 53332K, capacity 54300K, committed 54656K, reserved 1097728K
  class space    used 6192K, capacity 6410K, committed 6528K, reserved 1048576K
GC Heap History (10 events):
Event: 16.187 GC heap before
{Heap before GC invocations=13 (full 2):
 PSYoungGen      total 437760K, used 437479K [0x0000000795580000, 0x00000007b2980000, 0x00000007c0000000)
  eden space 425984K, 100% used [0x0000000795580000,0x00000007af580000,0x00000007af580000)
  from space 11776K, 97% used [0x00000007b1e00000,0x00000007b2939de0,0x00000007b2980000)
  to   space 18432K, 0% used [0x00000007b0580000,0x00000007b0580000,0x00000007b1780000)
 ParOldGen       total 102400K, used 26188K [0x0000000740000000, 0x0000000746400000, 0x0000000795580000)
  object space 102400K, 25% used [0x0000000740000000,0x00000007419932c0,0x0000000746400000)
 Metaspace       used 46523K, capacity 47226K, committed 47488K, reserved 1091584K
  class space    used 5522K, capacity 5672K, committed 5760K, reserved 1048576K
Event: 16.266 GC heap after
Heap after GC invocations=13 (full 2):
 PSYoungGen      total 460800K, used 18424K [0x0000000795580000, 0x00000007b9800000, 0x00000007c0000000)
  eden space 442368K, 0% used [0x0000000795580000,0x0000000795580000,0x00000007b0580000)
  from space 18432K, 99% used [0x00000007b0580000,0x00000007b177e080,0x00000007b1780000)
  to   space 24064K, 0% used [0x00000007b8080000,0x00000007b8080000,0x00000007b9800000)
 ParOldGen       total 102400K, used 34328K [0x0000000740000000, 0x0000000746400000, 0x0000000795580000)
  object space 102400K, 33% used [0x0000000740000000,0x00000007421863f8,0x0000000746400000)
 Metaspace       used 46523K, capacity 47226K, committed 47488K, reserved 1091584K
  class space    used 5522K, capacity 5672K, committed 5760K, reserved 1048576K
}
Event: 62.478 GC heap before
{Heap before GC invocations=14 (full 2):
 PSYoungGen      total 460800K, used 300486K [0x0000000795580000, 0x00000007b9800000, 0x00000007c0000000)
  eden space 442368K, 63% used [0x0000000795580000,0x00000007a68f39d0,0x00000007b0580000)
  from space 18432K, 99% used [0x00000007b0580000,0x00000007b177e080,0x00000007b1780000)
  to   space 24064K, 0% used [0x00000007b8080000,0x00000007b8080000,0x00000007b9800000)
 ParOldGen       total 102400K, used 34328K [0x0000000740000000, 0x0000000746400000, 0x0000000795580000)
  object space 102400K, 33% used [0x0000000740000000,0x00000007421863f8,0x0000000746400000)
 Metaspace       used 50387K, capacity 51108K, committed 51328K, reserved 1093632K
  class space    used 5994K, capacity 6162K, committed 6272K, reserved 1048576K
Event: 62.570 GC heap after
Heap after GC invocations=14 (full 2):
 PSYoungGen      total 568320K, used 14386K [0x0000000795580000, 0x00000007b9800000, 0x00000007c0000000)
  eden space 544256K, 0% used [0x0000000795580000,0x0000000795580000,0x00000007b6900000)
  from space 24064K, 59% used [0x00000007b8080000,0x00000007b8e8c898,0x00000007b9800000)
  to   space 24064K, 0% used [0x00000007b6900000,0x00000007b6900000,0x00000007b8080000)
 ParOldGen       total 102400K, used 41052K [0x0000000740000000, 0x0000000746400000, 0x0000000795580000)
  object space 102400K, 40% used [0x0000000740000000,0x00000007428173e0,0x0000000746400000)
 Metaspace       used 50387K, capacity 51108K, committed 51328K, reserved 1093632K
  class space    used 5994K, capacity 6162K, committed 6272K, reserved 1048576K
}
Event: 62.570 GC heap before
{Heap before GC invocations=15 (full 3):
 PSYoungGen      total 568320K, used 14386K [0x0000000795580000, 0x00000007b9800000, 0x00000007c0000000)
  eden space 544256K, 0% used [0x0000000795580000,0x0000000795580000,0x00000007b6900000)
  from space 24064K, 59% used [0x00000007b8080000,0x00000007b8e8c898,0x00000007b9800000)
  to   space 24064K, 0% used [0x00000007b6900000,0x00000007b6900000,0x00000007b8080000)
 ParOldGen       total 102400K, used 41052K [0x0000000740000000, 0x0000000746400000, 0x0000000795580000)
  object space 102400K, 40% used [0x0000000740000000,0x00000007428173e0,0x0000000746400000)
 Metaspace       used 50387K, capacity 51108K, committed 51328K, reserved 1093632K
  class space    used 5994K, capacity 6162K, committed 6272K, reserved 1048576K
Event: 62.871 GC heap after
Heap after GC invocations=15 (full 3):
 PSYoungGen      total 568320K, used 0K [0x0000000795580000, 0x00000007b9800000, 0x00000007c0000000)
  eden space 544256K, 0% used [0x0000000795580000,0x0000000795580000,0x00000007b6900000)
  from space 24064K, 0% used [0x00000007b8080000,0x00000007b8080000,0x00000007b9800000)
  to   space 24064K, 0% used [0x00000007b6900000,0x00000007b6900000,0x00000007b8080000)
 ParOldGen       total 102400K, used 40843K [0x0000000740000000, 0x0000000746400000, 0x0000000795580000)
  object space 102400K, 39% used [0x0000000740000000,0x00000007427e2f20,0x0000000746400000)
 Metaspace       used 50304K, capacity 50976K, committed 51328K, reserved 1093632K
  class space    used 5982K, capacity 6140K, committed 6272K, reserved 1048576K
}
Event: 66.320 GC heap before
{Heap before GC invocations=16 (full 3):
 PSYoungGen      total 568320K, used 544256K [0x0000000795580000, 0x00000007b9800000, 0x00000007c0000000)
  eden space 544256K, 100% used [0x0000000795580000,0x00000007b6900000,0x00000007b6900000)
  from space 24064K, 0% used [0x00000007b8080000,0x00000007b8080000,0x00000007b9800000)
  to   space 24064K, 0% used [0x00000007b6900000,0x00000007b6900000,0x00000007b8080000)
 ParOldGen       total 102400K, used 40843K [0x0000000740000000, 0x0000000746400000, 0x0000000795580000)
  object space 102400K, 39% used [0x0000000740000000,0x00000007427e2f20,0x0000000746400000)
 Metaspace       used 51373K, capacity 52188K, committed 52352K, reserved 1095680K
  class space    used 6086K, capacity 6266K, committed 6272K, reserved 1048576K
Event: 66.340 GC heap after
Heap after GC invocations=16 (full 3):
 PSYoungGen      total 568320K, used 13508K [0x0000000795580000, 0x00000007bff00000, 0x00000007c0000000)
  eden space 544256K, 0% used [0x0000000795580000,0x0000000795580000,0x00000007b6900000)
  from space 24064K, 56% used [0x00000007b6900000,0x00000007b76312e8,0x00000007b8080000)
  to   space 23552K, 0% used [0x00000007be800000,0x00000007be800000,0x00000007bff00000)
 ParOldGen       total 102400K, used 40851K [0x0000000740000000, 0x0000000746400000, 0x0000000795580000)
  object space 102400K, 39% used [0x0000000740000000,0x00000007427e4f20,0x0000000746400000)
 Metaspace       used 51373K, capacity 52188K, committed 52352K, reserved 1095680K
  class space    used 6086K, capacity 6266K, committed 6272K, reserved 1048576K
}
Event: 100.445 GC heap before
{Heap before GC invocations=17 (full 3):
 PSYoungGen      total 568320K, used 557764K [0x0000000795580000, 0x00000007bff00000, 0x00000007c0000000)
  eden space 544256K, 100% used [0x0000000795580000,0x00000007b6900000,0x00000007b6900000)
  from space 24064K, 56% used [0x00000007b6900000,0x00000007b76312e8,0x00000007b8080000)
  to   space 23552K, 0% used [0x00000007be800000,0x00000007be800000,0x00000007bff00000)
 ParOldGen       total 102400K, used 40851K [0x0000000740000000, 0x0000000746400000, 0x0000000795580000)
  object space 102400K, 39% used [0x0000000740000000,0x00000007427e4f20,0x0000000746400000)
 Metaspace       used 53134K, capacity 54076K, committed 54272K, reserved 1097728K
  class space    used 6187K, capacity 6378K, committed 6400K, reserved 1048576K
Event: 100.500 GC heap after
Heap after GC invocations=17 (full 3):
 PSYoungGen      total 673792K, used 16860K [0x0000000795580000, 0x00000007c0000000, 0x00000007c0000000)
  eden space 650240K, 0% used [0x0000000795580000,0x0000000795580000,0x00000007bd080000)
  from space 23552K, 71% used [0x00000007be800000,0x00000007bf8771c8,0x00000007bff00000)
  to   space 24064K, 0% used [0x00000007bd080000,0x00000007bd080000,0x00000007be800000)
 ParOldGen       total 102400K, used 40859K [0x0000000740000000, 0x0000000746400000, 0x0000000795580000)
  object space 102400K, 39% used [0x0000000740000000,0x00000007427e6f20,0x0000000746400000)
 Metaspace       used 53134K, capacity 54076K, committed 54272K, reserved 1097728K
  class space    used 6187K, capacity 6378K, committed 6400K, reserved 1048576K
}

